<?xml version="1.0" encoding="UTF-8"?>
<testng-results skipped="0" failed="0" ignored="0" total="1" passed="1">
  <reporter-output>
  </reporter-output>
  <suite name="Suite" duration-ms="7514" started-at="2019-05-23T19:45:26Z" finished-at="2019-05-23T19:45:34Z">
    <groups>
    </groups>
    <test name="Test" duration-ms="7514" started-at="2019-05-23T19:45:26Z" finished-at="2019-05-23T19:45:34Z">
      <class name="com.google.qa.BatchDemo2">
        <test-method status="PASS" signature="setup()[pri:0, instance:com.google.qa.BatchDemo2@6fffcba5]" name="setup" is-config="true" duration-ms="3128" started-at="2019-05-23T19:45:26Z" finished-at="2019-05-23T19:45:29Z">
          <reporter-output>
          </reporter-output>
        </test-method> <!-- setup -->
        <test-method status="PASS" signature="testBrowser()[pri:0, instance:com.google.qa.BatchDemo2@6fffcba5]" name="testBrowser" duration-ms="4296" started-at="2019-05-23T19:45:29Z" finished-at="2019-05-23T19:45:34Z">
          <reporter-output>
          </reporter-output>
        </test-method> <!-- testBrowser -->
        <test-method status="PASS" signature="tearDown()[pri:0, instance:com.google.qa.BatchDemo2@6fffcba5]" name="tearDown" is-config="true" duration-ms="70" started-at="2019-05-23T19:45:34Z" finished-at="2019-05-23T19:45:34Z">
          <reporter-output>
          </reporter-output>
        </test-method> <!-- tearDown -->
      </class> <!-- com.google.qa.BatchDemo2 -->
    </test> <!-- Test -->
  </suite> <!-- Suite -->
</testng-results>
